# JRE version: OpenJDK Runtime Environment Temurin-21.0.10+7 (21.0.10+7) (build 21.0.10+7-LTS)
# Java VM: OpenJDK 64-Bit Server VM Temurin-21.0.10+7 (21.0.10+7-LTS, mixed mode, sharing, tiered, compressed oops, compressed class ptrs, parallel gc, windows-amd64)
GC Precious Log:
 CardTable entry size: 512
 CPUs: 20 total, 20 available
 Memory: 16236M
 Large Page Support: Disabled
 NUMA Support: Disabled
 Compressed Oops: Enabled (32-bit)
 Alignments: Space 512K, Generation 512K, Heap 2M
 Heap Min Capacity: 100M
 Heap Initial Capacity: 100M
 Heap Max Capacity: 2G
 Pre-touch: Disabled
 Parallel Workers: 15
Heap:
 PSYoungGen      total 20480K, used 19424K [0x00000000d5580000, 0x00000000d6b00000, 0x0000000100000000)
  eden space 19456K, 95% used [0x00000000d5580000,0x00000000d67a0138,0x00000000d6880000)
  from space 1024K, 84% used [0x00000000d6a00000,0x00000000d6ad8000,0x00000000d6b00000)
  to   space 1024K, 0% used [0x00000000d6880000,0x00000000d6880000,0x00000000d6980000)
 ParOldGen       total 68608K, used 60952K [0x0000000080000000, 0x0000000084300000, 0x00000000d5580000)
  object space 68608K, 88% used [0x0000000080000000,0x0000000083b86380,0x0000000084300000)
 Metaspace       used 54143K, committed 55552K, reserved 1114112K
  class space    used 5727K, committed 6336K, reserved 1048576K
GC Heap History (20 events):
Event: 38.517 GC heap before
{Heap before GC invocations=41 (full 2):
 PSYoungGen      total 21504K, used 21094K [0x00000000d5580000, 0x00000000d6d00000, 0x0000000100000000)
  eden space 20480K, 100% used [0x00000000d5580000,0x00000000d6980000,0x00000000d6980000)
  from space 1024K, 60% used [0x00000000d6c00000,0x00000000d6c99aa8,0x00000000d6d00000)
  to   space 1024K, 0% used [0x00000000d6b00000,0x00000000d6b00000,0x00000000d6c00000)
 ParOldGen       total 68608K, used 55653K [0x0000000080000000, 0x0000000084300000, 0x00000000d5580000)
  object space 68608K, 81% used [0x0000000080000000,0x0000000083659790,0x0000000084300000)
 Metaspace       used 53628K, committed 54976K, reserved 1114112K
  class space    used 5675K, committed 6272K, reserved 1048576K
}
Event: 38.517 GC heap after
{Heap after GC invocations=41 (full 2):
 PSYoungGen      total 20992K, used 480K [0x00000000d5580000, 0x00000000d6c80000, 0x0000000100000000)
  eden space 20480K, 0% used [0x00000000d5580000,0x00000000d5580000,0x00000000d6980000)
  from space 512K, 93% used [0x00000000d6b00000,0x00000000d6b78000,0x00000000d6b80000)
  to   space 1024K, 0% used [0x00000000d6b80000,0x00000000d6b80000,0x00000000d6c80000)
 ParOldGen       total 68608K, used 55773K [0x0000000080000000, 0x0000000084300000, 0x00000000d5580000)
  object space 68608K, 81% used [0x0000000080000000,0x0000000083677790,0x0000000084300000)
 Metaspace       used 53628K, committed 54976K, reserved 1114112K
  class space    used 5675K, committed 6272K, reserved 1048576K
}
Event: 38.576 GC heap before
{Heap before GC invocations=42 (full 2):
 PSYoungGen      total 20992K, used 20960K [0x00000000d5580000, 0x00000000d6c80000, 0x0000000100000000)
  eden space 20480K, 100% used [0x00000000d5580000,0x00000000d6980000,0x00000000d6980000)
  from space 512K, 93% used [0x00000000d6b00000,0x00000000d6b78000,0x00000000d6b80000)
  to   space 1024K, 0% used [0x00000000d6b80000,0x00000000d6b80000,0x00000000d6c80000)
 ParOldGen       total 68608K, used 55773K [0x0000000080000000, 0x0000000084300000, 0x00000000d5580000)
  object space 68608K, 81% used [0x0000000080000000,0x0000000083677790,0x0000000084300000)
 Metaspace       used 53640K, committed 54976K, reserved 1114112K
  class space    used 5677K, committed 6272K, reserved 1048576K
}
Event: 38.576 GC heap after
{Heap after GC invocations=42 (full 2):
 PSYoungGen      total 20992K, used 512K [0x00000000d5580000, 0x00000000d6c00000, 0x0000000100000000)
  eden space 20480K, 0% used [0x00000000d5580000,0x00000000d5580000,0x00000000d6980000)
  from space 512K, 100% used [0x00000000d6b80000,0x00000000d6c00000,0x00000000d6c00000)
  to   space 1024K, 0% used [0x00000000d6a00000,0x00000000d6a00000,0x00000000d6b00000)
 ParOldGen       total 68608K, used 55893K [0x0000000080000000, 0x0000000084300000, 0x00000000d5580000)
  object space 68608K, 81% used [0x0000000080000000,0x0000000083695790,0x0000000084300000)
 Metaspace       used 53640K, committed 54976K, reserved 1114112K
  class space    used 5677K, committed 6272K, reserved 1048576K
}
Event: 38.712 GC heap before
{Heap before GC invocations=43 (full 2):
 PSYoungGen      total 20992K, used 20992K [0x00000000d5580000, 0x00000000d6c00000, 0x0000000100000000)
  eden space 20480K, 100% used [0x00000000d5580000,0x00000000d6980000,0x00000000d6980000)
  from space 512K, 100% used [0x00000000d6b80000,0x00000000d6c00000,0x00000000d6c00000)
  to   space 1024K, 0% used [0x00000000d6a00000,0x00000000d6a00000,0x00000000d6b00000)
 ParOldGen       total 68608K, used 55893K [0x0000000080000000, 0x0000000084300000, 0x00000000d5580000)
  object space 68608K, 81% used [0x0000000080000000,0x0000000083695790,0x0000000084300000)
 Metaspace       used 53640K, committed 54976K, reserved 1114112K
  class space    used 5677K, committed 6272K, reserved 1048576K
}
Event: 38.713 GC heap after
{Heap after GC invocations=43 (full 2):
 PSYoungGen      total 21504K, used 512K [0x00000000d5580000, 0x00000000d6c00000, 0x0000000100000000)
  eden space 20480K, 0% used [0x00000000d5580000,0x00000000d5580000,0x00000000d6980000)
  from space 1024K, 50% used [0x00000000d6a00000,0x00000000d6a80000,0x00000000d6b00000)
  to   space 1024K, 0% used [0x00000000d6b00000,0x00000000d6b00000,0x00000000d6c00000)
 ParOldGen       total 68608K, used 56045K [0x0000000080000000, 0x0000000084300000, 0x00000000d5580000)
  object space 68608K, 81% used [0x0000000080000000,0x00000000836bb790,0x0000000084300000)
 Metaspace       used 53640K, committed 54976K, reserved 1114112K
  class space    used 5677K, committed 6272K, reserved 1048576K
}
Event: 39.060 GC heap before
{Heap before GC invocations=44 (full 2):
 PSYoungGen      total 21504K, used 20992K [0x00000000d5580000, 0x00000000d6c00000, 0x0000000100000000)
  eden space 20480K, 100% used [0x00000000d5580000,0x00000000d6980000,0x00000000d6980000)
  from space 1024K, 50% used [0x00000000d6a00000,0x00000000d6a80000,0x00000000d6b00000)
  to   space 1024K, 0% used [0x00000000d6b00000,0x00000000d6b00000,0x00000000d6c00000)
 ParOldGen       total 68608K, used 56045K [0x0000000080000000, 0x0000000084300000, 0x00000000d5580000)
  object space 68608K, 81% used [0x0000000080000000,0x00000000836bb790,0x0000000084300000)
 Metaspace       used 53644K, committed 54976K, reserved 1114112K
  class space    used 5677K, committed 6272K, reserved 1048576K
}
Event: 39.061 GC heap after
{Heap after GC invocations=44 (full 2):
 PSYoungGen      total 20480K, used 999K [0x00000000d5580000, 0x00000000d6e80000, 0x0000000100000000)
  eden space 19456K, 0% used [0x00000000d5580000,0x00000000d5580000,0x00000000d6880000)
  from space 1024K, 97% used [0x00000000d6b00000,0x00000000d6bf9c68,0x00000000d6c00000)
  to   space 2560K, 0% used [0x00000000d6880000,0x00000000d6880000,0x00000000d6b00000)
 ParOldGen       total 68608K, used 56942K [0x0000000080000000, 0x0000000084300000, 0x00000000d5580000)
  object space 68608K, 82% used [0x0000000080000000,0x000000008379b898,0x0000000084300000)
 Metaspace       used 53644K, committed 54976K, reserved 1114112K
  class space    used 5677K, committed 6272K, reserved 1048576K
}
Event: 39.090 GC heap before
{Heap before GC invocations=45 (full 2):
 PSYoungGen      total 20480K, used 20455K [0x00000000d5580000, 0x00000000d6e80000, 0x0000000100000000)
  eden space 19456K, 100% used [0x00000000d5580000,0x00000000d6880000,0x00000000d6880000)
  from space 1024K, 97% used [0x00000000d6b00000,0x00000000d6bf9c68,0x00000000d6c00000)
  to   space 2560K, 0% used [0x00000000d6880000,0x00000000d6880000,0x00000000d6b00000)
 ParOldGen       total 68608K, used 56942K [0x0000000080000000, 0x0000000084300000, 0x00000000d5580000)
  object space 68608K, 82% used [0x0000000080000000,0x000000008379b898,0x0000000084300000)
 Metaspace       used 53644K, committed 54976K, reserved 1114112K
  class space    used 5677K, committed 6272K, reserved 1048576K
}
Event: 39.091 GC heap after
{Heap after GC invocations=45 (full 2):
 PSYoungGen      total 20480K, used 832K [0x00000000d5580000, 0x00000000d6b80000, 0x0000000100000000)
  eden space 19456K, 0% used [0x00000000d5580000,0x00000000d5580000,0x00000000d6880000)
  from space 1024K, 81% used [0x00000000d6880000,0x00000000d6950000,0x00000000d6980000)
  to   space 1536K, 0% used [0x00000000d6a00000,0x00000000d6a00000,0x00000000d6b80000)
 ParOldGen       total 68608K, used 57729K [0x0000000080000000, 0x0000000084300000, 0x00000000d5580000)
  object space 68608K, 84% used [0x0000000080000000,0x0000000083860488,0x0000000084300000)
 Metaspace       used 53644K, committed 54976K, reserved 1114112K
  class space    used 5677K, committed 6272K, reserved 1048576K
}
Event: 40.442 GC heap before
{Heap before GC invocations=46 (full 2):
 PSYoungGen      total 20480K, used 20288K [0x00000000d5580000, 0x00000000d6b80000, 0x0000000100000000)
  eden space 19456K, 100% used [0x00000000d5580000,0x00000000d6880000,0x00000000d6880000)
  from space 1024K, 81% used [0x00000000d6880000,0x00000000d6950000,0x00000000d6980000)
  to   space 1536K, 0% used [0x00000000d6a00000,0x00000000d6a00000,0x00000000d6b80000)
 ParOldGen       total 68608K, used 57729K [0x0000000080000000, 0x0000000084300000, 0x00000000d5580000)
  object space 68608K, 84% used [0x0000000080000000,0x0000000083860488,0x0000000084300000)
 Metaspace       used 53662K, committed 54976K, reserved 1114112K
  class space    used 5678K, committed 6272K, reserved 1048576K
}
Event: 40.444 GC heap after
{Heap after GC invocations=46 (full 2):
 PSYoungGen      total 20480K, used 576K [0x00000000d5580000, 0x00000000d6b00000, 0x0000000100000000)
  eden space 19456K, 0% used [0x00000000d5580000,0x00000000d5580000,0x00000000d6880000)
  from space 1024K, 56% used [0x00000000d6a00000,0x00000000d6a90000,0x00000000d6b00000)
  to   space 1024K, 0% used [0x00000000d6880000,0x00000000d6880000,0x00000000d6980000)
 ParOldGen       total 68608K, used 58401K [0x0000000080000000, 0x0000000084300000, 0x00000000d5580000)
  object space 68608K, 85% used [0x0000000080000000,0x0000000083908488,0x0000000084300000)
 Metaspace       used 53662K, committed 54976K, reserved 1114112K
  class space    used 5678K, committed 6272K, reserved 1048576K
}
Event: 40.748 GC heap before
{Heap before GC invocations=47 (full 2):
 PSYoungGen      total 20480K, used 20032K [0x00000000d5580000, 0x00000000d6b00000, 0x0000000100000000)
  eden space 19456K, 100% used [0x00000000d5580000,0x00000000d6880000,0x00000000d6880000)
  from space 1024K, 56% used [0x00000000d6a00000,0x00000000d6a90000,0x00000000d6b00000)
  to   space 1024K, 0% used [0x00000000d6880000,0x00000000d6880000,0x00000000d6980000)
 ParOldGen       total 68608K, used 58401K [0x0000000080000000, 0x0000000084300000, 0x00000000d5580000)
  object space 68608K, 85% used [0x0000000080000000,0x0000000083908488,0x0000000084300000)
 Metaspace       used 53786K, committed 55104K, reserved 1114112K
  class space    used 5690K, committed 6336K, reserved 1048576K
}
Event: 40.749 GC heap after
{Heap after GC invocations=47 (full 2):
 PSYoungGen      total 20480K, used 768K [0x00000000d5580000, 0x00000000d6a80000, 0x0000000100000000)
  eden space 19456K, 0% used [0x00000000d5580000,0x00000000d5580000,0x00000000d6880000)
  from space 1024K, 75% used [0x00000000d6880000,0x00000000d69403a8,0x00000000d6980000)
  to   space 1024K, 0% used [0x00000000d6980000,0x00000000d6980000,0x00000000d6a80000)
 ParOldGen       total 68608K, used 58673K [0x0000000080000000, 0x0000000084300000, 0x00000000d5580000)
  object space 68608K, 85% used [0x0000000080000000,0x000000008394c488,0x0000000084300000)
 Metaspace       used 53786K, committed 55104K, reserved 1114112K
  class space    used 5690K, committed 6336K, reserved 1048576K
}
Event: 40.803 GC heap before
{Heap before GC invocations=48 (full 2):
 PSYoungGen      total 20480K, used 20224K [0x00000000d5580000, 0x00000000d6a80000, 0x0000000100000000)
  eden space 19456K, 100% used [0x00000000d5580000,0x00000000d6880000,0x00000000d6880000)
  from space 1024K, 75% used [0x00000000d6880000,0x00000000d69403a8,0x00000000d6980000)
  to   space 1024K, 0% used [0x00000000d6980000,0x00000000d6980000,0x00000000d6a80000)
 ParOldGen       total 68608K, used 58673K [0x0000000080000000, 0x0000000084300000, 0x00000000d5580000)
  object space 68608K, 85% used [0x0000000080000000,0x000000008394c488,0x0000000084300000)
 Metaspace       used 53799K, committed 55168K, reserved 1114112K
  class space    used 5690K, committed 6336K, reserved 1048576K
}
Event: 40.804 GC heap after
{Heap after GC invocations=48 (full 2):
 PSYoungGen      total 20480K, used 576K [0x00000000d5580000, 0x00000000d6a80000, 0x0000000100000000)
  eden space 19456K, 0% used [0x00000000d5580000,0x00000000d5580000,0x00000000d6880000)
  from space 1024K, 56% used [0x00000000d6980000,0x00000000d6a10000,0x00000000d6a80000)
  to   space 1024K, 0% used [0x00000000d6880000,0x00000000d6880000,0x00000000d6980000)
 ParOldGen       total 68608K, used 59005K [0x0000000080000000, 0x0000000084300000, 0x00000000d5580000)
  object space 68608K, 86% used [0x0000000080000000,0x000000008399f688,0x0000000084300000)
 Metaspace       used 53799K, committed 55168K, reserved 1114112K
  class space    used 5690K, committed 6336K, reserved 1048576K
}
Event: 40.843 GC heap before
{Heap before GC invocations=49 (full 2):
 PSYoungGen      total 20480K, used 20032K [0x00000000d5580000, 0x00000000d6a80000, 0x0000000100000000)
  eden space 19456K, 100% used [0x00000000d5580000,0x00000000d6880000,0x00000000d6880000)
  from space 1024K, 56% used [0x00000000d6980000,0x00000000d6a10000,0x00000000d6a80000)
  to   space 1024K, 0% used [0x00000000d6880000,0x00000000d6880000,0x00000000d6980000)
 ParOldGen       total 68608K, used 59005K [0x0000000080000000, 0x0000000084300000, 0x00000000d5580000)
  object space 68608K, 86% used [0x0000000080000000,0x000000008399f688,0x0000000084300000)
 Metaspace       used 53801K, committed 55168K, reserved 1114112K
  class space    used 5690K, committed 6336K, reserved 1048576K
}
Event: 40.844 GC heap after
{Heap after GC invocations=49 (full 2):
 PSYoungGen      total 20480K, used 967K [0x00000000d5580000, 0x00000000d6b80000, 0x0000000100000000)
  eden space 19456K, 0% used [0x00000000d5580000,0x00000000d5580000,0x00000000d6880000)
  from space 1024K, 94% used [0x00000000d6880000,0x00000000d6971c68,0x00000000d6980000)
  to   space 1536K, 0% used [0x00000000d6a00000,0x00000000d6a00000,0x00000000d6b80000)
 ParOldGen       total 68608K, used 60181K [0x0000000080000000, 0x0000000084300000, 0x00000000d5580000)
  object space 68608K, 87% used [0x0000000080000000,0x0000000083ac5790,0x0000000084300000)
 Metaspace       used 53801K, committed 55168K, reserved 1114112K
  class space    used 5690K, committed 6336K, reserved 1048576K
}
Event: 40.875 GC heap before
{Heap before GC invocations=50 (full 2):
 PSYoungGen      total 20480K, used 20423K [0x00000000d5580000, 0x00000000d6b80000, 0x0000000100000000)
  eden space 19456K, 100% used [0x00000000d5580000,0x00000000d6880000,0x00000000d6880000)
  from space 1024K, 94% used [0x00000000d6880000,0x00000000d6971c68,0x00000000d6980000)
  to   space 1536K, 0% used [0x00000000d6a00000,0x00000000d6a00000,0x00000000d6b80000)
 ParOldGen       total 68608K, used 60181K [0x0000000080000000, 0x0000000084300000, 0x00000000d5580000)
  object space 68608K, 87% used [0x0000000080000000,0x0000000083ac5790,0x0000000084300000)
 Metaspace       used 53802K, committed 55168K, reserved 1114112K
  class space    used 5690K, committed 6336K, reserved 1048576K
}
Event: 40.876 GC heap after
{Heap after GC invocations=50 (full 2):
 PSYoungGen      total 20480K, used 864K [0x00000000d5580000, 0x00000000d6b00000, 0x0000000100000000)
  eden space 19456K, 0% used [0x00000000d5580000,0x00000000d5580000,0x00000000d6880000)
  from space 1024K, 84% used [0x00000000d6a00000,0x00000000d6ad8000,0x00000000d6b00000)
  to   space 1024K, 0% used [0x00000000d6880000,0x00000000d6880000,0x00000000d6980000)
 ParOldGen       total 68608K, used 60952K [0x0000000080000000, 0x0000000084300000, 0x00000000d5580000)
  object space 68608K, 88% used [0x0000000080000000,0x0000000083b86380,0x0000000084300000)
 Metaspace       used 53802K, committed 55168K, reserved 1114112K
  class space    used 5690K, committed 6336K, reserved 1048576K
}

